e:\raytrace\raytracer_qt5\raytracer\x64\debug\vc140.pdb
e:\raytrace\raytracer_qt5\raytracer\x64\debug\flatmeshtriangle.obj
e:\raytrace\raytracer_qt5\raytracer\x64\debug\sphere.obj
e:\raytrace\raytracer_qt5\raytracer\x64\debug\rectangle.obj
e:\raytrace\raytracer_qt5\raytracer\x64\debug\plane.obj
e:\raytrace\raytracer_qt5\raytracer\x64\debug\instance.obj
e:\raytrace\raytracer_qt5\raytracer\x64\debug\geometricobject.obj
e:\raytrace\raytracer_qt5\raytracer\x64\debug\grid.obj
e:\raytrace\raytracer_qt5\raytracer\x64\debug\compound.obj
e:\raytrace\raytracer_qt5\raytracer\x64\debug\bbox.obj
e:\raytrace\raytracer_qt5\raytracer\x64\debug\moc_mainwindow.obj
e:\raytrace\raytracer_qt5\raytracer\x64\debug\pinhole.obj
e:\raytrace\raytracer_qt5\raytracer\x64\debug\camera.obj
e:\raytrace\raytracer_qt5\raytracer\x64\debug\perfecttransmitter.obj
e:\raytrace\raytracer_qt5\raytracer\x64\debug\fresneltransmitter.obj
e:\raytrace\raytracer_qt5\raytracer\x64\debug\btdf.obj
e:\raytrace\raytracer_qt5\raytracer\x64\debug\perfectspecular.obj
e:\raytrace\raytracer_qt5\raytracer\x64\debug\lambertian.obj
e:\raytrace\raytracer_qt5\raytracer\x64\debug\glossyspecular.obj
e:\raytrace\raytracer_qt5\raytracer\x64\debug\fresnelreflector.obj
e:\raytrace\raytracer_qt5\raytracer\x64\debug\brdf.obj
e:\raytrace\raytracer_qt5\raytracer\x64\debug\tracer.obj
e:\raytrace\raytracer_qt5\raytracer\x64\debug\singleshpere.obj
e:\raytrace\raytracer_qt5\raytracer\x64\debug\raycast.obj
e:\raytrace\raytracer_qt5\raytracer\x64\debug\transparent.obj
e:\raytrace\raytracer_qt5\raytracer\x64\debug\reflective.obj
e:\raytrace\raytracer_qt5\raytracer\x64\debug\phong.obj
e:\raytrace\raytracer_qt5\raytracer\x64\debug\matte.obj
e:\raytrace\raytracer_qt5\raytracer\x64\debug\material.obj
e:\raytrace\raytracer_qt5\raytracer\x64\debug\dielectric.obj
e:\raytrace\raytracer_qt5\raytracer\x64\debug\mainwindow.obj
e:\raytrace\raytracer_qt5\raytracer\x64\debug\main.obj
e:\raytrace\raytracer_qt5\raytracer\x64\debug\pointlight.obj
e:\raytrace\raytracer_qt5\raytracer\x64\debug\light.obj
e:\raytrace\raytracer_qt5\raytracer\x64\debug\directional.obj
e:\raytrace\raytracer_qt5\raytracer\x64\debug\arealight.obj
e:\raytrace\raytracer_qt5\raytracer\x64\debug\ambient.obj
e:\raytrace\raytracer_qt5\raytracer\x64\debug\triangle.obj
e:\raytrace\raytracer_qt5\raytracer\x64\debug\smoothtriangle.obj
e:\raytrace\raytracer_qt5\raytracer\x64\debug\smoothmeshtriangle.obj
e:\raytrace\raytracer_qt5\raytracer\x64\debug\meshtriangle.obj
e:\raytrace\raytracer_qt5\raytracer\x64\debug\world.obj
e:\raytrace\raytracer_qt5\raytracer\x64\debug\viewplane.obj
e:\raytrace\raytracer_qt5\raytracer\x64\debug\vector3d.obj
e:\raytrace\raytracer_qt5\raytracer\x64\debug\shaderec.obj
e:\raytrace\raytracer_qt5\raytracer\x64\debug\rgbcolor.obj
e:\raytrace\raytracer_qt5\raytracer\x64\debug\ray.obj
e:\raytrace\raytracer_qt5\raytracer\x64\debug\point3d.obj
e:\raytrace\raytracer_qt5\raytracer\x64\debug\point2d.obj
e:\raytrace\raytracer_qt5\raytracer\x64\debug\ply.obj
e:\raytrace\raytracer_qt5\raytracer\x64\debug\normal.obj
e:\raytrace\raytracer_qt5\raytracer\x64\debug\mesh.obj
e:\raytrace\raytracer_qt5\raytracer\x64\debug\matrix.obj
e:\raytrace\raytracer_qt5\raytracer\x64\debug\whitted.obj
e:\raytrace\raytracer_qt5\raytracer\generatedfiles\debug\moc_mainwindow.cpp
e:\raytrace\raytracer_qt5\raytracer\generatedfiles\ui_mainwindow.h
e:\raytrace\raytracer_qt5\raytracer\debug\raytracer.ilk
e:\raytrace\raytracer_qt5\raytracer\debug\raytracer.exe
e:\raytrace\raytracer_qt5\raytracer\debug\raytracer.pdb
e:\raytrace\raytracer_qt5\raytracer\x64\debug\nativecodeanalysis.read.1.tlog
e:\raytrace\raytracer_qt5\raytracer\x64\debug\ambient.nativecodeanalysis.xml
e:\raytrace\raytracer_qt5\raytracer\x64\debug\arealight.nativecodeanalysis.xml
e:\raytrace\raytracer_qt5\raytracer\x64\debug\bbox.nativecodeanalysis.xml
e:\raytrace\raytracer_qt5\raytracer\x64\debug\brdf.nativecodeanalysis.xml
e:\raytrace\raytracer_qt5\raytracer\x64\debug\btdf.nativecodeanalysis.xml
e:\raytrace\raytracer_qt5\raytracer\x64\debug\camera.nativecodeanalysis.xml
e:\raytrace\raytracer_qt5\raytracer\x64\debug\compound.nativecodeanalysis.xml
e:\raytrace\raytracer_qt5\raytracer\x64\debug\dielectric.nativecodeanalysis.xml
e:\raytrace\raytracer_qt5\raytracer\x64\debug\directional.nativecodeanalysis.xml
e:\raytrace\raytracer_qt5\raytracer\x64\debug\flatmeshtriangle.nativecodeanalysis.xml
e:\raytrace\raytracer_qt5\raytracer\x64\debug\fresnelreflector.nativecodeanalysis.xml
e:\raytrace\raytracer_qt5\raytracer\x64\debug\fresneltransmitter.nativecodeanalysis.xml
e:\raytrace\raytracer_qt5\raytracer\x64\debug\geometricobject.nativecodeanalysis.xml
e:\raytrace\raytracer_qt5\raytracer\x64\debug\glossyspecular.nativecodeanalysis.xml
e:\raytrace\raytracer_qt5\raytracer\x64\debug\grid.nativecodeanalysis.xml
e:\raytrace\raytracer_qt5\raytracer\x64\debug\instance.nativecodeanalysis.xml
e:\raytrace\raytracer_qt5\raytracer\x64\debug\lambertian.nativecodeanalysis.xml
e:\raytrace\raytracer_qt5\raytracer\x64\debug\light.nativecodeanalysis.xml
e:\raytrace\raytracer_qt5\raytracer\x64\debug\main.nativecodeanalysis.xml
e:\raytrace\raytracer_qt5\raytracer\x64\debug\mainwindow.nativecodeanalysis.xml
e:\raytrace\raytracer_qt5\raytracer\x64\debug\material.nativecodeanalysis.xml
e:\raytrace\raytracer_qt5\raytracer\x64\debug\matrix.nativecodeanalysis.xml
e:\raytrace\raytracer_qt5\raytracer\x64\debug\matte.nativecodeanalysis.xml
e:\raytrace\raytracer_qt5\raytracer\x64\debug\mesh.nativecodeanalysis.xml
e:\raytrace\raytracer_qt5\raytracer\x64\debug\meshtriangle.nativecodeanalysis.xml
e:\raytrace\raytracer_qt5\raytracer\x64\debug\moc_mainwindow.nativecodeanalysis.xml
e:\raytrace\raytracer_qt5\raytracer\x64\debug\normal.nativecodeanalysis.xml
e:\raytrace\raytracer_qt5\raytracer\x64\debug\perfectspecular.nativecodeanalysis.xml
e:\raytrace\raytracer_qt5\raytracer\x64\debug\perfecttransmitter.nativecodeanalysis.xml
e:\raytrace\raytracer_qt5\raytracer\x64\debug\phong.nativecodeanalysis.xml
e:\raytrace\raytracer_qt5\raytracer\x64\debug\pinhole.nativecodeanalysis.xml
e:\raytrace\raytracer_qt5\raytracer\x64\debug\plane.nativecodeanalysis.xml
e:\raytrace\raytracer_qt5\raytracer\x64\debug\ply.nativecodeanalysis.xml
e:\raytrace\raytracer_qt5\raytracer\x64\debug\point2d.nativecodeanalysis.xml
e:\raytrace\raytracer_qt5\raytracer\x64\debug\point3d.nativecodeanalysis.xml
e:\raytrace\raytracer_qt5\raytracer\x64\debug\pointlight.nativecodeanalysis.xml
e:\raytrace\raytracer_qt5\raytracer\x64\debug\ray.nativecodeanalysis.xml
e:\raytrace\raytracer_qt5\raytracer\x64\debug\raycast.nativecodeanalysis.xml
e:\raytrace\raytracer_qt5\raytracer\x64\debug\rectangle.nativecodeanalysis.xml
e:\raytrace\raytracer_qt5\raytracer\x64\debug\reflective.nativecodeanalysis.xml
e:\raytrace\raytracer_qt5\raytracer\x64\debug\rgbcolor.nativecodeanalysis.xml
e:\raytrace\raytracer_qt5\raytracer\x64\debug\shaderec.nativecodeanalysis.xml
e:\raytrace\raytracer_qt5\raytracer\x64\debug\singleshpere.nativecodeanalysis.xml
e:\raytrace\raytracer_qt5\raytracer\x64\debug\smoothmeshtriangle.nativecodeanalysis.xml
e:\raytrace\raytracer_qt5\raytracer\x64\debug\smoothtriangle.nativecodeanalysis.xml
e:\raytrace\raytracer_qt5\raytracer\x64\debug\sphere.nativecodeanalysis.xml
e:\raytrace\raytracer_qt5\raytracer\x64\debug\tracer.nativecodeanalysis.xml
e:\raytrace\raytracer_qt5\raytracer\x64\debug\transparent.nativecodeanalysis.xml
e:\raytrace\raytracer_qt5\raytracer\x64\debug\triangle.nativecodeanalysis.xml
e:\raytrace\raytracer_qt5\raytracer\x64\debug\vc.nativecodeanalysis.all.xml
e:\raytrace\raytracer_qt5\raytracer\x64\debug\vector3d.nativecodeanalysis.xml
e:\raytrace\raytracer_qt5\raytracer\x64\debug\viewplane.nativecodeanalysis.xml
e:\raytrace\raytracer_qt5\raytracer\x64\debug\whitted.nativecodeanalysis.xml
e:\raytrace\raytracer_qt5\raytracer\x64\debug\world.nativecodeanalysis.xml
e:\raytrace\raytracer_qt5\raytracer\x64\debug\raytracer.tlog\cl.command.1.tlog
e:\raytrace\raytracer_qt5\raytracer\x64\debug\raytracer.tlog\cl.read.1.tlog
e:\raytrace\raytracer_qt5\raytracer\x64\debug\raytracer.tlog\cl.write.1.tlog
e:\raytrace\raytracer_qt5\raytracer\x64\debug\raytracer.tlog\custombuild.command.1.tlog
e:\raytrace\raytracer_qt5\raytracer\x64\debug\raytracer.tlog\custombuild.read.1.tlog
e:\raytrace\raytracer_qt5\raytracer\x64\debug\raytracer.tlog\custombuild.write.1.tlog
e:\raytrace\raytracer_qt5\raytracer\x64\debug\raytracer.tlog\link.command.1.tlog
e:\raytrace\raytracer_qt5\raytracer\x64\debug\raytracer.tlog\link.read.1.tlog
e:\raytrace\raytracer_qt5\raytracer\x64\debug\raytracer.tlog\link.write.1.tlog
